000 (4267526.000.000) 2022-03-17 17:22:12 Job submitted from host: <192.168.10.37:9618?addrs=192.168.10.37-9618&alias=schedd01.wn.iihe.ac.be&noUDP&sock=schedd_155913_ed9d>
    DAG Node: job_0
...
000 (4267527.000.000) 2022-03-17 17:22:12 Job submitted from host: <192.168.10.37:9618?addrs=192.168.10.37-9618&alias=schedd01.wn.iihe.ac.be&noUDP&sock=schedd_155913_ed9d>
    DAG Node: job_1
...
000 (4267528.000.000) 2022-03-17 17:22:12 Job submitted from host: <192.168.10.37:9618?addrs=192.168.10.37-9618&alias=schedd01.wn.iihe.ac.be&noUDP&sock=schedd_155913_ed9d>
    DAG Node: job_2
...
000 (4267529.000.000) 2022-03-17 17:22:12 Job submitted from host: <192.168.10.37:9618?addrs=192.168.10.37-9618&alias=schedd01.wn.iihe.ac.be&noUDP&sock=schedd_155913_ed9d>
    DAG Node: job_3
...
000 (4267530.000.000) 2022-03-17 17:22:12 Job submitted from host: <192.168.10.37:9618?addrs=192.168.10.37-9618&alias=schedd01.wn.iihe.ac.be&noUDP&sock=schedd_155913_ed9d>
    DAG Node: job_4
...
001 (4267526.000.000) 2022-03-17 17:22:33 Job executing on host: <192.168.29.4:9618?addrs=192.168.29.4-9618&alias=node29-4.wn.iihe.ac.be&noUDP&sock=startd_2485_14ef>
...
001 (4267527.000.000) 2022-03-17 17:22:33 Job executing on host: <192.168.23.1:9618?addrs=192.168.23.1-9618&alias=node23-1.wn.iihe.ac.be&noUDP&sock=startd_13929_b6c2>
...
001 (4267528.000.000) 2022-03-17 17:22:34 Job executing on host: <192.168.22.15:9618?addrs=192.168.22.15-9618&alias=node22-15.wn.iihe.ac.be&noUDP&sock=startd_2415_114e>
...
001 (4267529.000.000) 2022-03-17 17:22:34 Job executing on host: <192.168.28.7:9618?addrs=192.168.28.7-9618&alias=node28-7.wn.iihe.ac.be&noUDP&sock=startd_2562_e5ba>
...
001 (4267530.000.000) 2022-03-17 17:22:34 Job executing on host: <192.168.28.7:9618?addrs=192.168.28.7-9618&alias=node28-7.wn.iihe.ac.be&noUDP&sock=startd_2562_e5ba>
...
005 (4267526.000.000) 2022-03-17 17:22:46 Job terminated.
	(1) Normal termination (return value 0)
		Usr 0 00:00:00, Sys 0 00:00:00  -  Run Remote Usage
		Usr 0 00:00:00, Sys 0 00:00:00  -  Run Local Usage
		Usr 0 00:00:00, Sys 0 00:00:00  -  Total Remote Usage
		Usr 0 00:00:00, Sys 0 00:00:00  -  Total Local Usage
	0  -  Run Bytes Sent By Job
	0  -  Run Bytes Received By Job
	0  -  Total Bytes Sent By Job
	0  -  Total Bytes Received By Job
	Partitionable Resources :    Usage  Request Allocated 
	   Cpus                 :        0        1         1 
	   Disk (KB)            :        2        2    858679 
	   Memory (MB)          :       10     8000      8000 

	Job terminated of its own accord at 2022-03-17T16:22:46Z.
...
005 (4267528.000.000) 2022-03-17 17:22:49 Job terminated.
	(1) Normal termination (return value 0)
		Usr 0 00:00:00, Sys 0 00:00:00  -  Run Remote Usage
		Usr 0 00:00:00, Sys 0 00:00:00  -  Run Local Usage
		Usr 0 00:00:00, Sys 0 00:00:00  -  Total Remote Usage
		Usr 0 00:00:00, Sys 0 00:00:00  -  Total Local Usage
	0  -  Run Bytes Sent By Job
	0  -  Run Bytes Received By Job
	0  -  Total Bytes Sent By Job
	0  -  Total Bytes Received By Job
	Partitionable Resources :    Usage  Request Allocated 
	   Cpus                 :        0        1         1 
	   Disk (KB)            :        2        2    385314 
	   Memory (MB)          :       11     8000      8000 

	Job terminated of its own accord at 2022-03-17T16:22:49Z.
...
005 (4267529.000.000) 2022-03-17 17:22:53 Job terminated.
	(1) Normal termination (return value 0)
		Usr 0 00:00:00, Sys 0 00:00:00  -  Run Remote Usage
		Usr 0 00:00:00, Sys 0 00:00:00  -  Run Local Usage
		Usr 0 00:00:00, Sys 0 00:00:00  -  Total Remote Usage
		Usr 0 00:00:00, Sys 0 00:00:00  -  Total Local Usage
	0  -  Run Bytes Sent By Job
	0  -  Run Bytes Received By Job
	0  -  Total Bytes Sent By Job
	0  -  Total Bytes Received By Job
	Partitionable Resources :    Usage  Request Allocated 
	   Cpus                 :        0        1         1 
	   Disk (KB)            :        2        2    853209 
	   Memory (MB)          :        4     8000      8000 

	Job terminated of its own accord at 2022-03-17T16:22:53Z.
...
005 (4267530.000.000) 2022-03-17 17:22:53 Job terminated.
	(1) Normal termination (return value 0)
		Usr 0 00:00:00, Sys 0 00:00:00  -  Run Remote Usage
		Usr 0 00:00:00, Sys 0 00:00:00  -  Run Local Usage
		Usr 0 00:00:00, Sys 0 00:00:00  -  Total Remote Usage
		Usr 0 00:00:00, Sys 0 00:00:00  -  Total Local Usage
	0  -  Run Bytes Sent By Job
	0  -  Run Bytes Received By Job
	0  -  Total Bytes Sent By Job
	0  -  Total Bytes Received By Job
	Partitionable Resources :    Usage  Request Allocated 
	   Cpus                 :        0        1         1 
	   Disk (KB)            :        2        2    853209 
	   Memory (MB)          :        7     8000      8000 

	Job terminated of its own accord at 2022-03-17T16:22:53Z.
...
005 (4267527.000.000) 2022-03-17 17:22:56 Job terminated.
	(1) Normal termination (return value 0)
		Usr 0 00:00:00, Sys 0 00:00:00  -  Run Remote Usage
		Usr 0 00:00:00, Sys 0 00:00:00  -  Run Local Usage
		Usr 0 00:00:00, Sys 0 00:00:00  -  Total Remote Usage
		Usr 0 00:00:00, Sys 0 00:00:00  -  Total Local Usage
	0  -  Run Bytes Sent By Job
	0  -  Run Bytes Received By Job
	0  -  Total Bytes Sent By Job
	0  -  Total Bytes Received By Job
	Partitionable Resources :    Usage  Request Allocated 
	   Cpus                 :        0        1         1 
	   Disk (KB)            :        2        2   1755858 
	   Memory (MB)          :       11     8000      8000 

	Job terminated of its own accord at 2022-03-17T16:22:56Z.
...
